<?xml version="1.0" encoding="UTF-8"?>
<!-- Generated by org.testng.reporters.JUnitReportReporter -->
<testsuite hostname="Kishores-MacBook-Air.local" failures="0" tests="1" name="com.examarly.utils.Data" time="1.493" errors="0" timestamp="2022-12-14T12:22:18 IST" skipped="0">
  <testcase classname="com.examarly.utils.Data" name="deletedata" time="1.493"/>
  <system-out/>
</testsuite> <!-- com.examarly.utils.Data -->
