<?xml version="1.0" encoding="UTF-8"?>
<!-- Generated by org.testng.reporters.JUnitReportReporter -->
<testsuite hostname="Kishores-MacBook-Air.local" failures="0" tests="1" name="com.examarly.utils.RewardsdChanges" time="1.507" errors="0" timestamp="2022-12-14T16:04:24 IST" skipped="0">
  <testcase classname="com.examarly.utils.RewardsdChanges" name="deletedata" time="1.507"/>
  <system-out/>
</testsuite> <!-- com.examarly.utils.RewardsdChanges -->
