<?xml version="1.0" encoding="UTF-8"?>
<!-- Generated by org.testng.reporters.JUnitReportReporter -->
<testsuite hostname="Kishores-MacBook-Air.local" failures="0" tests="1" name="com.examarlyRewardsModule.RewardsWeb" time="295.569" errors="0" timestamp="2022-12-28T16:51:00 IST" skipped="0">
  <testcase classname="com.examarlyRewardsModule.RewardsWeb" name="LoginPage" time="295.569"/>
  <system-out/>
</testsuite> <!-- com.examarlyRewardsModule.RewardsWeb -->
