<?xml version="1.0" encoding="UTF-8"?>
<!-- Generated by org.testng.reporters.JUnitReportReporter -->
<testsuite hostname="Kishores-MacBook-Air.local" failures="0" tests="1" name="com.examarly.allpagesautomation.HistoricalBackground" time="99.880" errors="0" timestamp="2022-11-15T16:17:43 IST" skipped="0">
  <testcase classname="com.examarly.allpagesautomation.HistoricalBackground" name="LoginPage" time="99.880"/>
  <system-out/>
</testsuite> <!-- com.examarly.allpagesautomation.HistoricalBackground -->
