<?xml version="1.0" encoding="UTF-8"?>
<!-- Generated by org.testng.reporters.JUnitReportReporter -->
<testsuite hostname="Kishores-MacBook-Air.local" failures="0" tests="1" name="com.examarlyRewardsModule.RewardsWeb" time="0.000" errors="0" timestamp="2023-03-10T16:26:05 IST" skipped="1">
  <testcase classname="com.examarlyRewardsModule.RewardsWeb" name="LoginPage" time="0.000">
    <skipped/>
  </testcase> <!-- LoginPage -->
  <system-out/>
</testsuite> <!-- com.examarlyRewardsModule.RewardsWeb -->
